<?xml version="1.0" encoding="UTF-8"?>
<!-- Generated by org.testng.reporters.JUnitReportReporter -->
<testsuite hostname="LloydWalton" failures="0" tests="6" name="com.qa.crm.testcases.ContactPageTest" time="137.979" errors="0" timestamp="2021-04-25T02:01:06 IST" skipped="0">
  <testcase classname="com.qa.crm.testcases.ContactPageTest" name="verifyContactsLabelTest" time="20.292"/>
  <system-out/>
  <testcase classname="com.qa.crm.testcases.ContactPageTest" name="clickOnSingleContactsTest" time="20.297"/>
  <system-out/>
  <testcase classname="com.qa.crm.testcases.ContactPageTest" name="clickOnMultipleContactsTest" time="20.193"/>
  <system-out/>
  <testcase classname="com.qa.crm.testcases.ContactPageTest" name="validateCreateNewContact" time="23.354"/>
  <system-out/>
  <testcase classname="com.qa.crm.testcases.ContactPageTest" name="validateCreateNewContact" time="29.500"/>
  <system-out/>
  <testcase classname="com.qa.crm.testcases.ContactPageTest" name="validateCreateNewContact" time="24.343"/>
  <system-out/>
</testsuite> <!-- com.qa.crm.testcases.ContactPageTest -->
