<?xml version="1.0" encoding="UTF-8"?>
<!-- Generated by org.testng.reporters.JUnitReportReporter -->
<testsuite hostname="LloydWalton" failures="0" tests="3" name="com.qa.crm.testcases.HomePageTest" time="57.028" errors="0" timestamp="2021-04-25T02:01:06 IST" skipped="0">
  <testcase classname="com.qa.crm.testcases.HomePageTest" name="verifyHomePageTitleTest" time="18.288"/>
  <system-out/>
  <testcase classname="com.qa.crm.testcases.HomePageTest" name="verifyHomePageUserNameTest" time="18.696"/>
  <system-out/>
  <testcase classname="com.qa.crm.testcases.HomePageTest" name="verifyContactsLinkTest" time="20.044"/>
  <system-out/>
</testsuite> <!-- com.qa.crm.testcases.HomePageTest -->
