<?xml version="1.0" encoding="UTF-8"?>
<!-- Generated by org.testng.reporters.JUnitReportReporter -->
<testsuite hostname="LloydWalton" failures="0" tests="3" name="com.qa.crm.testcases.LoginPageTest" time="40.261" errors="0" timestamp="2021-04-25T02:01:06 IST" skipped="0">
  <testcase classname="com.qa.crm.testcases.LoginPageTest" name="titleTest" time="11.255"/>
  <system-out/>
  <testcase classname="com.qa.crm.testcases.LoginPageTest" name="crmLogoTest" time="10.893"/>
  <system-out/>
  <testcase classname="com.qa.crm.testcases.LoginPageTest" name="loginTest" time="18.113"/>
  <system-out/>
</testsuite> <!-- com.qa.crm.testcases.LoginPageTest -->
