<?xml version="1.0" encoding="UTF-8"?>
<!-- Generated by org.testng.reporters.JUnitReportReporter -->
<testsuite hostname="LloydWalton" failures="0" tests="6" name="com.qa.crm.testcases.ContactPageTest" time="123.812" errors="0" timestamp="2021-04-23T23:01:22 IST" skipped="0">
  <testcase classname="com.qa.crm.testcases.ContactPageTest" name="verifyContactsLabelTest" time="18.560"/>
  <system-out/>
  <testcase classname="com.qa.crm.testcases.ContactPageTest" name="clickOnSingleContactsTest" time="21.225"/>
  <system-out/>
  <testcase classname="com.qa.crm.testcases.ContactPageTest" name="clickOnMultipleContactsTest" time="19.046"/>
  <system-out/>
  <testcase classname="com.qa.crm.testcases.ContactPageTest" name="validateCreateNewContact" time="22.068"/>
  <system-out/>
  <testcase classname="com.qa.crm.testcases.ContactPageTest" name="validateCreateNewContact" time="21.591"/>
  <system-out/>
  <testcase classname="com.qa.crm.testcases.ContactPageTest" name="validateCreateNewContact" time="21.322"/>
  <system-out/>
</testsuite> <!-- com.qa.crm.testcases.ContactPageTest -->
