<?xml version="1.0" encoding="UTF-8"?>
<!-- Generated by org.testng.reporters.JUnitReportReporter -->
<testsuite hostname="LloydWalton" failures="0" tests="3" name="com.qa.crm.testcases.LoginPageTest" time="37.961" errors="0" timestamp="2021-04-23T23:20:23 IST" skipped="0">
  <testcase classname="com.qa.crm.testcases.LoginPageTest" name="titleTest" time="9.978"/>
  <system-out/>
  <testcase classname="com.qa.crm.testcases.LoginPageTest" name="crmLogoTest" time="9.353"/>
  <system-out/>
  <testcase classname="com.qa.crm.testcases.LoginPageTest" name="loginTest" time="18.630"/>
  <system-out/>
</testsuite> <!-- com.qa.crm.testcases.LoginPageTest -->
