<?xml version="1.0" encoding="UTF-8"?>
<!-- Generated by org.testng.reporters.JUnitReportReporter -->
<testsuite hostname="LloydWalton" failures="0" tests="3" name="com.qa.crm.testcases.HomePageTest" time="42.745" errors="0" timestamp="2021-04-13T15:20:19 IST" skipped="0">
  <testcase classname="com.qa.crm.testcases.HomePageTest" name="verifyHomePageTitleTest" time="14.091"/>
  <system-out/>
  <testcase classname="com.qa.crm.testcases.HomePageTest" name="verifyHomePageUserNameTest" time="13.674"/>
  <system-out/>
  <testcase classname="com.qa.crm.testcases.HomePageTest" name="verifyContactsLinkTest" time="14.980"/>
  <system-out/>
</testsuite> <!-- com.qa.crm.testcases.HomePageTest -->
